<?xml version="1.0" encoding="UTF-8"?>
<!-- Generated by org.testng.reporters.JUnitReportReporter -->
<testsuite hostname="DESKTOP-LH0VLBU" failures="0" tests="1" name="session5.TestNG" time="3.934" errors="0" timestamp="2022-12-19T18:30:14 CST" skipped="0">
  <testcase classname="session5.TestNG" name="addCustomer" time="3.934"/>
  <system-out/>
</testsuite> <!-- session5.TestNG -->
