<?xml version="1.0" encoding="UTF-8"?>
<!-- Generated by org.testng.reporters.JUnitReportReporter -->
<testsuite hostname="DESKTOP-LH0VLBU" failures="0" tests="1" name="session5.TestNG" time="7.497" errors="0" timestamp="2022-12-08T19:42:10 CST" skipped="0">
  <testcase classname="session5.TestNG" name="addCustomer" time="7.497"/>
  <system-out/>
</testsuite> <!-- session5.TestNG -->
